<?xml version="1.0" encoding="UTF-8"?>
<testsuites name="jest tests" tests="197" failures="0" time="61.303">
  <testsuite name="package-manager" errors="0" failures="0" skipped="0" timestamp="2019-04-16T13:33:39" time="3.266" tests="8">
    <testcase classname="package-manager should return &apos;yarn&apos; from getPackageManager if it&apos;s installed" name="package-manager should return &apos;yarn&apos; from getPackageManager if it&apos;s installed" time="0.008">
    </testcase>
    <testcase classname="package-manager should return &apos;npm&apos; from getPackageManager if yarn is not installed" name="package-manager should return &apos;npm&apos; from getPackageManager if yarn is not installed" time="0.001">
    </testcase>
    <testcase classname="package-manager should spawn yarn add from spawnChild" name="package-manager should spawn yarn add from spawnChild" time="0.075">
    </testcase>
    <testcase classname="package-manager should spawn yarn upgrade from spawnChild" name="package-manager should spawn yarn upgrade from spawnChild" time="0.001">
    </testcase>
    <testcase classname="package-manager should spawn npm install from spawnChild" name="package-manager should spawn npm install from spawnChild" time="0.007">
    </testcase>
    <testcase classname="package-manager should spawn npm update from spawnChild" name="package-manager should spawn npm update from spawnChild" time="0.001">
    </testcase>
    <testcase classname="package-manager should return the yarn global dir from getPathToGlobalPackages if yarn is installed" name="package-manager should return the yarn global dir from getPathToGlobalPackages if yarn is installed" time="0.019">
    </testcase>
    <testcase classname="package-manager should return the npm global dir from getPathToGlobalPackages if yarn is not installed" name="package-manager should return the npm global dir from getPathToGlobalPackages if yarn is not installed" time="0.016">
    </testcase>
  </testsuite>
  <testsuite name="utils" errors="0" failures="0" skipped="0" timestamp="2019-04-16T13:33:39" time="3.472" tests="16">
    <testcase classname="utils createArrowFunction should stringify an arrow function" name="utils createArrowFunction should stringify an arrow function" time="0.012">
    </testcase>
    <testcase classname="utils createRegularFunction should stringify a regular function" name="utils createRegularFunction should stringify a regular function" time="0.001">
    </testcase>
    <testcase classname="utils createDynamicPromise should stringify an single value" name="utils createDynamicPromise should stringify an single value" time="0.002">
    </testcase>
    <testcase classname="utils createDynamicPromise should stringify an array" name="utils createDynamicPromise should stringify an array" time="0.001">
    </testcase>
    <testcase classname="utils createAssetFilterFunction should stringify an assetFilterFunction" name="utils createAssetFilterFunction should stringify an assetFilterFunction" time="0.001">
    </testcase>
    <testcase classname="utils parseValue should parse value" name="utils parseValue should parse value" time="0.022">
    </testcase>
    <testcase classname="utils parseValue should parse value with raw value" name="utils parseValue should parse value with raw value" time="0.027">
    </testcase>
    <testcase classname="utils createExternalFunction should stringify an ExternalFunction" name="utils createExternalFunction should stringify an ExternalFunction" time="0.001">
    </testcase>
    <testcase classname="utils createRequire should stringify a require statement" name="utils createRequire should stringify a require statement" time="0">
    </testcase>
    <testcase classname="utils Inquirer should make a List object" name="utils Inquirer should make a List object" time="0.021">
    </testcase>
    <testcase classname="utils Inquirer should make a RawList object" name="utils Inquirer should make a RawList object" time="0.001">
    </testcase>
    <testcase classname="utils Inquirer should make a CheckList object" name="utils Inquirer should make a CheckList object" time="0">
    </testcase>
    <testcase classname="utils Inquirer should make an Input object" name="utils Inquirer should make an Input object" time="0.001">
    </testcase>
    <testcase classname="utils Inquirer should make a Confirm object" name="utils Inquirer should make a Confirm object" time="0.001">
    </testcase>
    <testcase classname="utils Inquirer should make a Confirm object with No as default" name="utils Inquirer should make a Confirm object with No as default" time="0.001">
    </testcase>
    <testcase classname="utils Inquirer should make an Input object with validation" name="utils Inquirer should make an Input object with validation" time="0.001">
    </testcase>
  </testsuite>
  <testsuite name="utils" errors="0" failures="0" skipped="0" timestamp="2019-04-16T13:33:39" time="3.805" tests="29">
    <testcase classname="utils createProperty should create properties for Boolean" name="utils createProperty should create properties for Boolean" time="0.035">
    </testcase>
    <testcase classname="utils createProperty should create properties for Number" name="utils createProperty should create properties for Number" time="0.007">
    </testcase>
    <testcase classname="utils createProperty should create properties for String" name="utils createProperty should create properties for String" time="0.002">
    </testcase>
    <testcase classname="utils createProperty should create properties for complex keys" name="utils createProperty should create properties for complex keys" time="0.001">
    </testcase>
    <testcase classname="utils createProperty should create properties for non-literal keys" name="utils createProperty should create properties for non-literal keys" time="0.002">
    </testcase>
    <testcase classname="utils findPluginsByName should find plugins in AST" name="utils findPluginsByName should find plugins in AST" time="0.037">
    </testcase>
    <testcase classname="utils findPluginsByName should find all plugins in AST" name="utils findPluginsByName should find all plugins in AST" time="0.006">
    </testcase>
    <testcase classname="utils findPluginsByName should not find false positives" name="utils findPluginsByName should not find false positives" time="0.024">
    </testcase>
    <testcase classname="utils findPluginsArrayAndRemoveIfEmpty should remove plugins property" name="utils findPluginsArrayAndRemoveIfEmpty should remove plugins property" time="0.017">
    </testcase>
    <testcase classname="utils findPluginsArrayAndRemoveIfEmpty It should not remove plugins array, given an array with length greater than zero" name="utils findPluginsArrayAndRemoveIfEmpty It should not remove plugins array, given an array with length greater than zero" time="0.01">
    </testcase>
    <testcase classname="utils findRootNodesByName should find plugins: [] nodes" name="utils findRootNodesByName should find plugins: [] nodes" time="0.006">
    </testcase>
    <testcase classname="utils findRootNodesByName should not find plugins: [] nodes" name="utils findRootNodesByName should not find plugins: [] nodes" time="0.003">
    </testcase>
    <testcase classname="utils createOrUpdatePluginByName should create a new plugin without arguments" name="utils createOrUpdatePluginByName should create a new plugin without arguments" time="0.008">
    </testcase>
    <testcase classname="utils createOrUpdatePluginByName should create a new plugin with arguments" name="utils createOrUpdatePluginByName should create a new plugin with arguments" time="0.008">
    </testcase>
    <testcase classname="utils createOrUpdatePluginByName should add an object as an argument" name="utils createOrUpdatePluginByName should add an object as an argument" time="0.004">
    </testcase>
    <testcase classname="utils createOrUpdatePluginByName should merge options objects" name="utils createOrUpdatePluginByName should merge options objects" time="0.019">
    </testcase>
    <testcase classname="utils findVariableToPlugin should find the variable name of a plugin" name="utils findVariableToPlugin should find the variable name of a plugin" time="0.006">
    </testcase>
    <testcase classname="utils createLiteral should create basic literal" name="utils createLiteral should create basic literal" time="0.001">
    </testcase>
    <testcase classname="utils createLiteral should create boolean" name="utils createLiteral should create boolean" time="0.004">
    </testcase>
    <testcase classname="utils createIdentifierOrLiteral should create basic literal" name="utils createIdentifierOrLiteral should create basic literal" time="0.001">
    </testcase>
    <testcase classname="utils createIdentifierOrLiteral should create boolean" name="utils createIdentifierOrLiteral should create boolean" time="0.001">
    </testcase>
    <testcase classname="utils findObjWithOneOfKeys should find keys" name="utils findObjWithOneOfKeys should find keys" time="0.005">
    </testcase>
    <testcase classname="utils getRequire should create a require statement" name="utils getRequire should create a require statement" time="0.004">
    </testcase>
    <testcase classname="utils safeTraverse should safe traverse" name="utils safeTraverse should safe traverse" time="0">
    </testcase>
    <testcase classname="utils safeTraverse should safe traverse thrice" name="utils safeTraverse should safe traverse thrice" time="0.001">
    </testcase>
    <testcase classname="utils safeTraverseAndGetType should safe traverse and get type" name="utils safeTraverseAndGetType should safe traverse and get type" time="0">
    </testcase>
    <testcase classname="utils safeTraverseAndGetType should safe traverse and return false if not found" name="utils safeTraverseAndGetType should safe traverse and return false if not found" time="0.001">
    </testcase>
    <testcase classname="utils addProperty add entry property using init" name="utils addProperty add entry property using init" time="0.008">
    </testcase>
    <testcase classname="utils addProperty add entry property using add" name="utils addProperty add entry property using add" time="0.019">
    </testcase>
  </testsuite>
  <testsuite name="transform" errors="0" failures="0" skipped="0" timestamp="2019-04-16T13:33:43" time="1.913" tests="4">
    <testcase classname="transform should not transform if no transformations defined" name="transform should not transform if no transformations defined" time="0.049">
    </testcase>
    <testcase classname="transform should transform using all transformations" name="transform should transform using all transformations" time="0.253">
    </testcase>
    <testcase classname="transform should transform only using specified transformations" name="transform should transform only using specified transformations" time="0.049">
    </testcase>
    <testcase classname="transform should respect recast options" name="transform should respect recast options" time="0.069">
    </testcase>
  </testsuite>
  <testsuite name="undefined" errors="0" failures="0" skipped="0" timestamp="2019-04-16T13:33:43" time="5.435" tests="1">
    <testcase classname=" output-library-many" name=" output-library-many" time="5.02">
    </testcase>
  </testsuite>
  <testsuite name="undefined" errors="0" failures="0" skipped="0" timestamp="2019-04-16T13:33:45" time="3.341" tests="1">
    <testcase classname=" complex" name=" complex" time="3.059">
    </testcase>
  </testsuite>
  <testsuite name="undefined" errors="0" failures="0" skipped="1" timestamp="2019-04-16T13:33:48" time="0.265" tests="1">
    <testcase classname=" multi-config" name=" multi-config" time="0">
      <skipped/>
    </testcase>
  </testsuite>
  <testsuite name="extractHash functionality" errors="0" failures="0" skipped="0" timestamp="2019-04-16T13:33:48" time="0.322" tests="9">
    <testcase classname="extractHash functionality should throw Error if there is empty string" name="extractHash functionality should throw Error if there is empty string" time="0.007">
    </testcase>
    <testcase classname="extractHash functionality should throw Error if there is no hash value" name="extractHash functionality should throw Error if there is no hash value" time="0.002">
    </testcase>
    <testcase classname="extractHash functionality should throw Error if hash count and config count do not match" name="extractHash functionality should throw Error if hash count and config count do not match" time="0.002">
    </testcase>
    <testcase classname="extractHash functionality should fetch hash if there is only single config" name="extractHash functionality should fetch hash if there is only single config" time="0.001">
    </testcase>
    <testcase classname="extractHash functionality should fetch hash if there is more than one config" name="extractHash functionality should fetch hash if there is more than one config" time="0.005">
    </testcase>
    <testcase classname="appendFile functionality positive test-cases should append data to file if file exists" name="appendFile functionality positive test-cases should append data to file if file exists" time="0.005">
    </testcase>
    <testcase classname="appendFile functionality negative test-cases should throw error if file does not exist" name="appendFile functionality negative test-cases should throw error if file does not exist" time="0.002">
    </testcase>
    <testcase classname="copyFile functionality positive test-cases should copy file if file exists" name="copyFile functionality positive test-cases should copy file if file exists" time="0.009">
    </testcase>
    <testcase classname="copyFile functionality negative test-cases should throw error if file does not exist" name="copyFile functionality negative test-cases should throw error if file does not exist" time="0.002">
    </testcase>
  </testsuite>
  <testsuite name="npmPackagesExists" errors="0" failures="0" skipped="0" timestamp="2019-04-16T13:33:42" time="7.295" tests="2">
    <testcase classname="npmPackagesExists resolves packages when they are available on the local filesystem" name="npmPackagesExists resolves packages when they are available on the local filesystem" time="0.004">
    </testcase>
    <testcase classname="npmPackagesExists throws a TypeError when an npm package name doesn&apos;t include the prefix" name="npmPackagesExists throws a TypeError when an npm package name doesn&apos;t include the prefix" time="0.02">
    </testcase>
  </testsuite>
  <testsuite name="undefined" errors="0" failures="0" skipped="0" timestamp="2019-04-16T13:33:49" time="5.014" tests="1">
    <testcase classname=" find-recursively" name=" find-recursively" time="4.776">
    </testcase>
  </testsuite>
  <testsuite name="undefined" errors="0" failures="0" skipped="0" timestamp="2019-04-16T13:33:48" time="5.315" tests="1">
    <testcase classname=" array" name=" array" time="5.005">
    </testcase>
  </testsuite>
  <testsuite name="undefined" errors="0" failures="0" skipped="0" timestamp="2019-04-16T13:33:50" time="6.21" tests="1">
    <testcase classname=" single-config" name=" single-config" time="5.218">
    </testcase>
  </testsuite>
  <testsuite name="undefined" errors="0" failures="0" skipped="0" timestamp="2019-04-16T13:33:54" time="4.854" tests="1">
    <testcase classname=" plugins-precedence" name=" plugins-precedence" time="4.436">
    </testcase>
  </testsuite>
  <testsuite name="undefined" errors="0" failures="0" skipped="0" timestamp="2019-04-16T13:33:54" time="5.093" tests="1">
    <testcase classname=" info-verbosity" name=" info-verbosity" time="4.722">
    </testcase>
  </testsuite>
  <testsuite name="undefined" errors="0" failures="0" skipped="0" timestamp="2019-04-16T13:33:39" time="21.358" tests="1">
    <testcase classname=" webpack-babel-config" name=" webpack-babel-config" time="19.646">
    </testcase>
  </testsuite>
  <testsuite name="undefined" errors="0" failures="0" skipped="0" timestamp="2019-04-16T13:33:56" time="4.618" tests="1">
    <testcase classname=" not-found" name=" not-found" time="4.259">
    </testcase>
  </testsuite>
  <testsuite name="undefined" errors="0" failures="0" skipped="0" timestamp="2019-04-16T13:33:59" time="4.753" tests="1">
    <testcase classname=" profile" name=" profile" time="4.403">
    </testcase>
  </testsuite>
  <testsuite name="undefined" errors="0" failures="0" skipped="0" timestamp="2019-04-16T13:33:59" time="4.759" tests="1">
    <testcase classname=" found-many" name=" found-many" time="4.304">
    </testcase>
  </testsuite>
  <testsuite name="undefined" errors="0" failures="0" skipped="0" timestamp="2019-04-16T13:34:00" time="4.458" tests="1">
    <testcase classname=" find-recursively" name=" find-recursively" time="4.068">
    </testcase>
  </testsuite>
  <testsuite name="undefined" errors="0" failures="0" skipped="0" timestamp="2019-04-16T13:34:01" time="4.327" tests="1">
    <testcase classname=" set-implicitly" name=" set-implicitly" time="4.075">
    </testcase>
  </testsuite>
  <testsuite name="undefined" errors="0" failures="0" skipped="0" timestamp="2019-04-16T13:34:03" time="3.803" tests="1">
    <testcase classname=" set-explicitly" name=" set-explicitly" time="3.551">
    </testcase>
  </testsuite>
  <testsuite name="undefined" errors="0" failures="0" skipped="0" timestamp="2019-04-16T13:34:04" time="3.904" tests="1">
    <testcase classname=" info-verbosity" name=" info-verbosity" time="3.641">
    </testcase>
  </testsuite>
  <testsuite name="undefined" errors="0" failures="0" skipped="0" timestamp="2019-04-16T13:34:05" time="3.862" tests="1">
    <testcase classname=" function-promise" name=" function-promise" time="3.562">
    </testcase>
  </testsuite>
  <testsuite name="undefined" errors="0" failures="0" skipped="0" timestamp="2019-04-16T13:34:05" time="4.075" tests="1">
    <testcase classname=" module-bind" name=" module-bind" time="3.809">
    </testcase>
  </testsuite>
  <testsuite name="undefined" errors="0" failures="0" skipped="0" timestamp="2019-04-16T13:34:07" time="3.889" tests="1">
    <testcase classname=" multi-file" name=" multi-file" time="3.65">
    </testcase>
  </testsuite>
  <testsuite name="undefined" errors="0" failures="0" skipped="0" timestamp="2019-04-16T13:34:07" time="3.89" tests="1">
    <testcase classname=" named-entry" name=" named-entry" time="3.633">
    </testcase>
  </testsuite>
  <testsuite name="undefined" errors="0" failures="0" skipped="0" timestamp="2019-04-16T13:34:09" time="3.796" tests="1">
    <testcase classname=" function" name=" function" time="3.496">
    </testcase>
  </testsuite>
  <testsuite name="undefined" errors="0" failures="0" skipped="0" timestamp="2019-04-16T13:34:09" time="4.083" tests="1">
    <testcase classname=" multi-config" name=" multi-config" time="3.815">
    </testcase>
  </testsuite>
  <testsuite name="undefined" errors="0" failures="0" skipped="0" timestamp="2019-04-16T13:34:11" time="3.941" tests="1">
    <testcase classname=" output-library-single" name=" output-library-single" time="3.725">
    </testcase>
  </testsuite>
  <testsuite name="undefined" errors="0" failures="0" skipped="0" timestamp="2019-04-16T13:34:11" time="4.194" tests="1">
    <testcase classname=" silent" name=" silent" time="3.964">
    </testcase>
  </testsuite>
  <testsuite name="undefined" errors="0" failures="0" skipped="0" timestamp="2019-04-16T13:34:13" time="3.891" tests="1">
    <testcase classname=" object" name=" object" time="3.516">
    </testcase>
  </testsuite>
  <testsuite name="undefined" errors="0" failures="0" skipped="0" timestamp="2019-04-16T13:34:13" time="4.034" tests="1">
    <testcase classname=" promise" name=" promise" time="3.69">
    </testcase>
  </testsuite>
  <testsuite name="undefined" errors="0" failures="0" skipped="0" timestamp="2019-04-16T13:34:15" time="4.011" tests="1">
    <testcase classname=" build-delimiter" name=" build-delimiter" time="3.771">
    </testcase>
  </testsuite>
  <testsuite name="undefined" errors="0" failures="0" skipped="0" timestamp="2019-04-16T13:34:16" time="4.354" tests="1">
    <testcase classname=" display-entrypoints" name=" display-entrypoints" time="4.138">
    </testcase>
  </testsuite>
  <testsuite name="init" errors="0" failures="0" skipped="0" timestamp="2019-04-16T13:34:17" time="3.351" tests="7">
    <testcase classname="init transforms correctly using &quot;fixture-1&quot; data" name="init transforms correctly using &quot;fixture-1&quot; data" time="0.794">
    </testcase>
    <testcase classname="add transforms correctly using &quot;fixture-2&quot; data" name="add transforms correctly using &quot;fixture-2&quot; data" time="0.064">
    </testcase>
    <testcase classname="remove transforms correctly using &quot;fixture-3&quot; data" name="remove transforms correctly using &quot;fixture-3&quot; data" time="0.084">
    </testcase>
    <testcase classname="remove transforms correctly using &quot;fixture-3&quot; data" name="remove transforms correctly using &quot;fixture-3&quot; data" time="0.125">
    </testcase>
    <testcase classname="remove transforms correctly using &quot;fixture-3&quot; data" name="remove transforms correctly using &quot;fixture-3&quot; data" time="0.072">
    </testcase>
    <testcase classname="remove transforms correctly using &quot;fixture-3&quot; data" name="remove transforms correctly using &quot;fixture-3&quot; data" time="0.054">
    </testcase>
    <testcase classname="remove transforms correctly using &quot;fixture-3&quot; data" name="remove transforms correctly using &quot;fixture-3&quot; data" time="0.05">
    </testcase>
  </testsuite>
  <testsuite name="commonsChunkPlugin" errors="0" failures="0" skipped="0" timestamp="2019-04-16T13:34:20" time="0.891" tests="11">
    <testcase classname="commonsChunkPlugin transforms correctly using &quot;commonsChunkPlugin-0&quot; data" name="commonsChunkPlugin transforms correctly using &quot;commonsChunkPlugin-0&quot; data" time="0.298">
    </testcase>
    <testcase classname="commonsChunkPlugin transforms correctly using &quot;commonsChunkPlugin-1&quot; data" name="commonsChunkPlugin transforms correctly using &quot;commonsChunkPlugin-1&quot; data" time="0.052">
    </testcase>
    <testcase classname="commonsChunkPlugin transforms correctly using &quot;commonsChunkPlugin-2&quot; data" name="commonsChunkPlugin transforms correctly using &quot;commonsChunkPlugin-2&quot; data" time="0.017">
    </testcase>
    <testcase classname="commonsChunkPlugin transforms correctly using &quot;commonsChunkPlugin-3&quot; data" name="commonsChunkPlugin transforms correctly using &quot;commonsChunkPlugin-3&quot; data" time="0.011">
    </testcase>
    <testcase classname="commonsChunkPlugin transforms correctly using &quot;commonsChunkPlugin-4&quot; data" name="commonsChunkPlugin transforms correctly using &quot;commonsChunkPlugin-4&quot; data" time="0.026">
    </testcase>
    <testcase classname="commonsChunkPlugin transforms correctly using &quot;commonsChunkPlugin-5&quot; data" name="commonsChunkPlugin transforms correctly using &quot;commonsChunkPlugin-5&quot; data" time="0.014">
    </testcase>
    <testcase classname="commonsChunkPlugin transforms correctly using &quot;commonsChunkPlugin-6a&quot; data" name="commonsChunkPlugin transforms correctly using &quot;commonsChunkPlugin-6a&quot; data" time="0.046">
    </testcase>
    <testcase classname="commonsChunkPlugin transforms correctly using &quot;commonsChunkPlugin-6b&quot; data" name="commonsChunkPlugin transforms correctly using &quot;commonsChunkPlugin-6b&quot; data" time="0.038">
    </testcase>
    <testcase classname="commonsChunkPlugin transforms correctly using &quot;commonsChunkPlugin-6c&quot; data" name="commonsChunkPlugin transforms correctly using &quot;commonsChunkPlugin-6c&quot; data" time="0.026">
    </testcase>
    <testcase classname="commonsChunkPlugin transforms correctly using &quot;commonsChunkPlugin-6d&quot; data" name="commonsChunkPlugin transforms correctly using &quot;commonsChunkPlugin-6d&quot; data" time="0.048">
    </testcase>
    <testcase classname="commonsChunkPlugin transforms correctly using &quot;commonsChunkPlugin-7&quot; data" name="commonsChunkPlugin transforms correctly using &quot;commonsChunkPlugin-7&quot; data" time="0.02">
    </testcase>
  </testsuite>
  <testsuite name="undefined" errors="0" failures="0" skipped="0" timestamp="2019-04-16T13:34:17" time="4.694" tests="1">
    <testcase classname=" cli-override" name=" cli-override" time="4.464">
    </testcase>
  </testsuite>
  <testsuite name="undefined" errors="0" failures="0" skipped="0" timestamp="2019-04-16T13:34:19" time="4.714" tests="1">
    <testcase classname=" output-argument" name=" output-argument" time="4.334">
    </testcase>
  </testsuite>
  <testsuite name="undefined" errors="0" failures="0" skipped="0" timestamp="2019-04-16T13:34:20" time="4.254" tests="1">
    <testcase classname=" custom-preset" name=" custom-preset" time="3.86">
    </testcase>
  </testsuite>
  <testsuite name="undefined" errors="0" failures="0" skipped="0" timestamp="2019-04-16T13:34:21" time="4.246" tests="1">
    <testcase classname=" production" name=" production" time="3.729">
    </testcase>
  </testsuite>
  <testsuite name="undefined" errors="0" failures="0" skipped="0" timestamp="2019-04-16T13:34:22" time="4.095" tests="1">
    <testcase classname=" none" name=" none" time="3.862">
    </testcase>
  </testsuite>
  <testsuite name="undefined" errors="0" failures="0" skipped="0" timestamp="2019-04-16T13:34:24" time="4.001" tests="1">
    <testcase classname=" none" name=" none" time="3.761">
    </testcase>
  </testsuite>
  <testsuite name="undefined" errors="0" failures="0" skipped="0" timestamp="2019-04-16T13:34:25" time="4.2" tests="1">
    <testcase classname=" found-one" name=" found-one" time="3.969">
    </testcase>
  </testsuite>
  <testsuite name="undefined" errors="0" failures="0" skipped="0" timestamp="2019-04-16T13:34:25" time="4.239" tests="1">
    <testcase classname=" string" name=" string" time="4.006">
    </testcase>
  </testsuite>
  <testsuite name="loaderOptionsPlugin" errors="0" failures="0" skipped="0" timestamp="2019-04-16T13:34:29" time="0.643" tests="4">
    <testcase classname="loaderOptionsPlugin transforms correctly using &quot;loaderOptionsPlugin-0&quot; data" name="loaderOptionsPlugin transforms correctly using &quot;loaderOptionsPlugin-0&quot; data" time="0.318">
    </testcase>
    <testcase classname="loaderOptionsPlugin transforms correctly using &quot;loaderOptionsPlugin-1&quot; data" name="loaderOptionsPlugin transforms correctly using &quot;loaderOptionsPlugin-1&quot; data" time="0.03">
    </testcase>
    <testcase classname="loaderOptionsPlugin transforms correctly using &quot;loaderOptionsPlugin-2&quot; data" name="loaderOptionsPlugin transforms correctly using &quot;loaderOptionsPlugin-2&quot; data" time="0.011">
    </testcase>
    <testcase classname="loaderOptionsPlugin transforms correctly using &quot;loaderOptionsPlugin-3&quot; data" name="loaderOptionsPlugin transforms correctly using &quot;loaderOptionsPlugin-3&quot; data" time="0.026">
    </testcase>
  </testsuite>
  <testsuite name="undefined" errors="0" failures="0" skipped="0" timestamp="2019-04-16T13:34:26" time="4.185" tests="1">
    <testcase classname=" non-hyphenated-args" name=" non-hyphenated-args" time="3.953">
    </testcase>
  </testsuite>
  <testsuite name="removeJsonLoader" errors="0" failures="0" skipped="0" timestamp="2019-04-16T13:34:30" time="0.477" tests="4">
    <testcase classname="removeJsonLoader transforms correctly using &quot;removeJsonLoader-0&quot; data" name="removeJsonLoader transforms correctly using &quot;removeJsonLoader-0&quot; data" time="0.15">
    </testcase>
    <testcase classname="removeJsonLoader transforms correctly using &quot;removeJsonLoader-1&quot; data" name="removeJsonLoader transforms correctly using &quot;removeJsonLoader-1&quot; data" time="0.013">
    </testcase>
    <testcase classname="removeJsonLoader transforms correctly using &quot;removeJsonLoader-2&quot; data" name="removeJsonLoader transforms correctly using &quot;removeJsonLoader-2&quot; data" time="0.012">
    </testcase>
    <testcase classname="removeJsonLoader transforms correctly using &quot;removeJsonLoader-3&quot; data" name="removeJsonLoader transforms correctly using &quot;removeJsonLoader-3&quot; data" time="0.02">
    </testcase>
  </testsuite>
  <testsuite name="removeDeprecatedPlugins" errors="0" failures="0" skipped="0" timestamp="2019-04-16T13:34:29" time="0.626" tests="5">
    <testcase classname="removeDeprecatedPlugins transforms correctly using &quot;removeDeprecatedPlugins-0&quot; data" name="removeDeprecatedPlugins transforms correctly using &quot;removeDeprecatedPlugins-0&quot; data" time="0.209">
    </testcase>
    <testcase classname="removeDeprecatedPlugins transforms correctly using &quot;removeDeprecatedPlugins-1&quot; data" name="removeDeprecatedPlugins transforms correctly using &quot;removeDeprecatedPlugins-1&quot; data" time="0.01">
    </testcase>
    <testcase classname="removeDeprecatedPlugins transforms correctly using &quot;removeDeprecatedPlugins-2&quot; data" name="removeDeprecatedPlugins transforms correctly using &quot;removeDeprecatedPlugins-2&quot; data" time="0.014">
    </testcase>
    <testcase classname="removeDeprecatedPlugins transforms correctly using &quot;removeDeprecatedPlugins-3&quot; data" name="removeDeprecatedPlugins transforms correctly using &quot;removeDeprecatedPlugins-3&quot; data" time="0.105">
    </testcase>
    <testcase classname="removeDeprecatedPlugins transforms correctly using &quot;removeDeprecatedPlugins-4&quot; data" name="removeDeprecatedPlugins transforms correctly using &quot;removeDeprecatedPlugins-4&quot; data" time="0.044">
    </testcase>
  </testsuite>
  <testsuite name="outputPath" errors="0" failures="0" skipped="0" timestamp="2019-04-16T13:34:30" time="0.486" tests="3">
    <testcase classname="outputPath transforms correctly using &quot;outputPath-0&quot; data" name="outputPath transforms correctly using &quot;outputPath-0&quot; data" time="0.201">
    </testcase>
    <testcase classname="outputPath transforms correctly using &quot;outputPath-1&quot; data" name="outputPath transforms correctly using &quot;outputPath-1&quot; data" time="0.014">
    </testcase>
    <testcase classname="outputPath transforms correctly using &quot;outputPath-2&quot; data" name="outputPath transforms correctly using &quot;outputPath-2&quot; data" time="0.012">
    </testcase>
  </testsuite>
  <testsuite name="loaders" errors="0" failures="0" skipped="0" timestamp="2019-04-16T13:34:30" time="0.881" tests="9">
    <testcase classname="loaders transforms correctly using &quot;loaders-0&quot; data" name="loaders transforms correctly using &quot;loaders-0&quot; data" time="0.42">
    </testcase>
    <testcase classname="loaders transforms correctly using &quot;loaders-1&quot; data" name="loaders transforms correctly using &quot;loaders-1&quot; data" time="0.037">
    </testcase>
    <testcase classname="loaders transforms correctly using &quot;loaders-2&quot; data" name="loaders transforms correctly using &quot;loaders-2&quot; data" time="0.045">
    </testcase>
    <testcase classname="loaders transforms correctly using &quot;loaders-3&quot; data" name="loaders transforms correctly using &quot;loaders-3&quot; data" time="0.032">
    </testcase>
    <testcase classname="loaders transforms correctly using &quot;loaders-4&quot; data" name="loaders transforms correctly using &quot;loaders-4&quot; data" time="0.017">
    </testcase>
    <testcase classname="loaders transforms correctly using &quot;loaders-5&quot; data" name="loaders transforms correctly using &quot;loaders-5&quot; data" time="0.018">
    </testcase>
    <testcase classname="loaders transforms correctly using &quot;loaders-6&quot; data" name="loaders transforms correctly using &quot;loaders-6&quot; data" time="0.016">
    </testcase>
    <testcase classname="loaders transforms correctly using &quot;loaders-7&quot; data" name="loaders transforms correctly using &quot;loaders-7&quot; data" time="0.025">
    </testcase>
    <testcase classname="loaders transforms correctly using &quot;loaders-8&quot; data" name="loaders transforms correctly using &quot;loaders-8&quot; data" time="0.019">
    </testcase>
  </testsuite>
  <testsuite name="undefined" errors="0" failures="0" skipped="0" timestamp="2019-04-16T13:34:28" time="3.548" tests="1">
    <testcase classname=" none" name=" none" time="3.242">
    </testcase>
  </testsuite>
  <testsuite name="npm-exists" errors="0" failures="0" skipped="0" timestamp="2019-04-16T13:34:31" time="0.501" tests="2">
    <testcase classname="npm-exists should successfully existence of a published module" name="npm-exists should successfully existence of a published module" time="0.009">
    </testcase>
    <testcase classname="npm-exists should return false for the existence of a fake module" name="npm-exists should return false for the existence of a fake module" time="0.001">
    </testcase>
  </testsuite>
  <testsuite name="namedModulesPlugin" errors="0" failures="0" skipped="0" timestamp="2019-04-16T13:34:31" time="0.833" tests="3">
    <testcase classname="namedModulesPlugin transforms correctly using &quot;namedModulesPlugin-0&quot; data" name="namedModulesPlugin transforms correctly using &quot;namedModulesPlugin-0&quot; data" time="0.558">
    </testcase>
    <testcase classname="namedModulesPlugin transforms correctly using &quot;namedModulesPlugin-1&quot; data" name="namedModulesPlugin transforms correctly using &quot;namedModulesPlugin-1&quot; data" time="0.018">
    </testcase>
    <testcase classname="namedModulesPlugin transforms correctly using &quot;namedModulesPlugin-2&quot; data" name="namedModulesPlugin transforms correctly using &quot;namedModulesPlugin-2&quot; data" time="0.017">
    </testcase>
  </testsuite>
  <testsuite name="moduleConcatenationPlugin" errors="0" failures="0" skipped="0" timestamp="2019-04-16T13:34:32" time="0.659" tests="3">
    <testcase classname="moduleConcatenationPlugin transforms correctly using &quot;moduleConcatenationPlugin-0&quot; data" name="moduleConcatenationPlugin transforms correctly using &quot;moduleConcatenationPlugin-0&quot; data" time="0.24">
    </testcase>
    <testcase classname="moduleConcatenationPlugin transforms correctly using &quot;moduleConcatenationPlugin-1&quot; data" name="moduleConcatenationPlugin transforms correctly using &quot;moduleConcatenationPlugin-1&quot; data" time="0.027">
    </testcase>
    <testcase classname="moduleConcatenationPlugin transforms correctly using &quot;moduleConcatenationPlugin-2&quot; data" name="moduleConcatenationPlugin transforms correctly using &quot;moduleConcatenationPlugin-2&quot; data" time="0.019">
    </testcase>
  </testsuite>
  <testsuite name="undefined" errors="0" failures="0" skipped="0" timestamp="2019-04-16T13:34:30" time="3.326" tests="1">
    <testcase classname=" clean-webpack-options" name=" clean-webpack-options" time="3.039">
    </testcase>
  </testsuite>
  <testsuite name="undefined" errors="0" failures="0" skipped="0" timestamp="2019-04-16T13:34:31" time="2.856" tests="1">
    <testcase classname=" not-found" name=" not-found" time="2.585">
    </testcase>
  </testsuite>
  <testsuite name="undefined" errors="0" failures="0" skipped="0" timestamp="2019-04-16T13:34:32" time="2.202" tests="1">
    <testcase classname=" help-output" name=" help-output" time="1.905">
    </testcase>
  </testsuite>
  <testsuite name="noEmitOnErrorsPlugin" errors="0" failures="0" skipped="0" timestamp="2019-04-16T13:34:34" time="0.587" tests="3">
    <testcase classname="noEmitOnErrorsPlugin transforms correctly using &quot;noEmitOnErrorsPlugin-0&quot; data" name="noEmitOnErrorsPlugin transforms correctly using &quot;noEmitOnErrorsPlugin-0&quot; data" time="0.149">
    </testcase>
    <testcase classname="noEmitOnErrorsPlugin transforms correctly using &quot;noEmitOnErrorsPlugin-1&quot; data" name="noEmitOnErrorsPlugin transforms correctly using &quot;noEmitOnErrorsPlugin-1&quot; data" time="0.015">
    </testcase>
    <testcase classname="noEmitOnErrorsPlugin transforms correctly using &quot;noEmitOnErrorsPlugin-2&quot; data" name="noEmitOnErrorsPlugin transforms correctly using &quot;noEmitOnErrorsPlugin-2&quot; data" time="0.015">
    </testcase>
  </testsuite>
  <testsuite name="uglifyJsPlugin" errors="0" failures="0" skipped="0" timestamp="2019-04-16T13:34:34" time="0.698" tests="5">
    <testcase classname="uglifyJsPlugin transforms correctly using &quot;uglifyJsPlugin-0&quot; data" name="uglifyJsPlugin transforms correctly using &quot;uglifyJsPlugin-0&quot; data" time="0.2">
    </testcase>
    <testcase classname="uglifyJsPlugin transforms correctly using &quot;uglifyJsPlugin-1&quot; data" name="uglifyJsPlugin transforms correctly using &quot;uglifyJsPlugin-1&quot; data" time="0.043">
    </testcase>
    <testcase classname="uglifyJsPlugin transforms correctly using &quot;uglifyJsPlugin-2&quot; data" name="uglifyJsPlugin transforms correctly using &quot;uglifyJsPlugin-2&quot; data" time="0.044">
    </testcase>
    <testcase classname="uglifyJsPlugin transforms correctly using &quot;uglifyJsPlugin-3&quot; data" name="uglifyJsPlugin transforms correctly using &quot;uglifyJsPlugin-3&quot; data" time="0.073">
    </testcase>
    <testcase classname="uglifyJsPlugin transforms correctly using &quot;uglifyJsPlugin-4&quot; data" name="uglifyJsPlugin transforms correctly using &quot;uglifyJsPlugin-4&quot; data" time="0.037">
    </testcase>
  </testsuite>
  <testsuite name="validate-identifier" errors="0" failures="0" skipped="0" timestamp="2019-04-16T13:34:34" time="0.314" tests="6">
    <testcase classname="validate-identifier should return true for reserved keyword" name="validate-identifier should return true for reserved keyword" time="0.004">
    </testcase>
    <testcase classname="validate-identifier should return false for unreserved keyword" name="validate-identifier should return false for unreserved keyword" time="0.001">
    </testcase>
    <testcase classname="validate-identifier should retrun false if literal is not in U+200C zero width non-joiner,	 U+200D zero width joiner, or any symbol with 	 the Unicode derived core property ID_Continue" name="validate-identifier should retrun false if literal is not in U+200C zero width non-joiner,	 U+200D zero width joiner, or any symbol with 	 the Unicode derived core property ID_Continue" time="0.002">
    </testcase>
    <testcase classname="validate-identifier should retrun true if literal is in U+200C zero width non-joiner, U+200D zero width joiner,	 or any symbol with the Unicode derived core property ID_Continue" name="validate-identifier should retrun true if literal is in U+200C zero width non-joiner, U+200D zero width joiner,	 or any symbol with the Unicode derived core property ID_Continue" time="0.001">
    </testcase>
    <testcase classname="validate-identifier should return true if literal name starts with 	$, _ or any symbol with the unicode derived core property ID_Start" name="validate-identifier should return true if literal name starts with 	$, _ or any symbol with the unicode derived core property ID_Start" time="0.001">
    </testcase>
    <testcase classname="validate-identifier should return false if literal name does not starts with 	$, _ or any symbol with the unicode derived core property ID_Start" name="validate-identifier should return false if literal name does not starts with 	$, _ or any symbol with the unicode derived core property ID_Start" time="0">
    </testcase>
  </testsuite>
  <testsuite name="info" errors="0" failures="0" skipped="0" timestamp="2019-04-16T13:34:35" time="0.31" tests="1">
    <testcase classname="info should return the information of the enviroment" name="info should return the information of the enviroment" time="0.002">
    </testcase>
  </testsuite>
  <testsuite name="bannerPlugin" errors="0" failures="0" skipped="0" timestamp="2019-04-16T13:34:35" time="0.433" tests="3">
    <testcase classname="bannerPlugin transforms correctly using &quot;bannerPlugin-0&quot; data" name="bannerPlugin transforms correctly using &quot;bannerPlugin-0&quot; data" time="0.165">
    </testcase>
    <testcase classname="bannerPlugin transforms correctly using &quot;bannerPlugin-1&quot; data" name="bannerPlugin transforms correctly using &quot;bannerPlugin-1&quot; data" time="0.014">
    </testcase>
    <testcase classname="bannerPlugin transforms correctly using &quot;bannerPlugin-2&quot; data" name="bannerPlugin transforms correctly using &quot;bannerPlugin-2&quot; data" time="0.008">
    </testcase>
  </testsuite>
  <testsuite name="resolve-packages" errors="0" failures="0" skipped="0" timestamp="2019-04-16T13:34:35" time="0.24" tests="3">
    <testcase classname="resolve-packages should resolve a location of a published module" name="resolve-packages should resolve a location of a published module" time="0.003">
    </testcase>
    <testcase classname="resolve-packages should be empty if argument is blank" name="resolve-packages should be empty if argument is blank" time="0.001">
    </testcase>
    <testcase classname="resolve-packages should resolve multiple locations of published modules" name="resolve-packages should resolve multiple locations of published modules" time="0.001">
    </testcase>
  </testsuite>
  <testsuite name="is-local-path" errors="0" failures="0" skipped="0" timestamp="2019-04-16T13:34:35" time="0.289" tests="4">
    <testcase classname="is-local-path returns true for paths beginning in the current directory" name="is-local-path returns true for paths beginning in the current directory" time="0.002">
    </testcase>
    <testcase classname="is-local-path returns true for absolute paths" name="is-local-path returns true for absolute paths" time="0.001">
    </testcase>
    <testcase classname="is-local-path returns false for npm packages names" name="is-local-path returns false for npm packages names" time="0.001">
    </testcase>
    <testcase classname="is-local-path returns false for scoped npm package names" name="is-local-path returns false for scoped npm package names" time="0.001">
    </testcase>
  </testsuite>
  <testsuite name="extractTextPlugin" errors="0" failures="0" skipped="0" timestamp="2019-04-16T13:34:35" time="0.637" tests="1">
    <testcase classname="extractTextPlugin transforms correctly" name="extractTextPlugin transforms correctly" time="0.378">
    </testcase>
  </testsuite>
  <testsuite name="resolve" errors="0" failures="0" skipped="0" timestamp="2019-04-16T13:34:35" time="0.603" tests="1">
    <testcase classname="resolve transforms correctly" name="resolve transforms correctly" time="0.18">
    </testcase>
  </testsuite>
  <testsuite name="undefined" errors="0" failures="0" skipped="0" timestamp="2019-04-16T13:34:33" time="3.213" tests="1">
    <testcase classname=" invalid-array" name=" invalid-array" time="2.872">
    </testcase>
  </testsuite>
  <testsuite name="undefined" errors="0" failures="0" skipped="1" timestamp="2019-04-16T13:34:36" time="0.316" tests="1">
    <testcase classname=" info-verbosity-verbose" name=" info-verbosity-verbose" time="0">
      <skipped/>
    </testcase>
  </testsuite>
  <testsuite name="undefined" errors="0" failures="0" skipped="1" timestamp="2019-04-16T13:34:36" time="0.221" tests="1">
    <testcase classname=" info-verbosity-off" name=" info-verbosity-off" time="0">
      <skipped/>
    </testcase>
  </testsuite>
  <testsuite name="undefined" errors="0" failures="0" skipped="1" timestamp="2019-04-16T13:34:36" time="0.269" tests="1">
    <testcase classname=" single-config-watch-opt" name=" single-config-watch-opt" time="0">
      <skipped/>
    </testcase>
  </testsuite>
  <testsuite name="undefined" errors="0" failures="0" skipped="0" timestamp="2019-04-16T13:34:33" time="3.284" tests="1">
    <testcase classname=" invalid-type" name=" invalid-type" time="2.713">
    </testcase>
  </testsuite>
  <testsuite name="undefined" errors="0" failures="0" skipped="1" timestamp="2019-04-16T13:34:37" time="0.237" tests="1">
    <testcase classname=" multi-config-watch-opt" name=" multi-config-watch-opt" time="0">
      <skipped/>
    </testcase>
  </testsuite>
  <testsuite name="undefined" errors="0" failures="0" skipped="1" timestamp="2019-04-16T13:34:37" time="0.266" tests="1">
    <testcase classname=" single-config" name=" single-config" time="0.001">
      <skipped/>
    </testcase>
  </testsuite>
  <testsuite name="undefined" errors="0" failures="0" skipped="1" timestamp="2019-04-16T13:34:37" time="0.24" tests="1">
    <testcase classname=" uglifyjsplugin-empty-args" name=" uglifyjsplugin-empty-args" time="0.001">
      <skipped/>
    </testcase>
  </testsuite>
  <testsuite name="undefined" errors="0" failures="0" skipped="1" timestamp="2019-04-16T13:34:37" time="0.245" tests="1">
    <testcase classname=" webpack-ts-config" name=" webpack-ts-config" time="0">
      <skipped/>
    </testcase>
  </testsuite>
  <testsuite name="undefined" errors="0" failures="0" skipped="0" timestamp="2019-04-16T13:34:36" time="1.562" tests="1">
    <testcase classname=" info-verbosity" name=" info-verbosity" time="1.354">
    </testcase>
  </testsuite>
</testsuites>